2023-12-04 17:06:41,064 INFO o.a.n.s.SegmentReader [main] SegmentReader: dump segment: crawl/segments/20231127142114
2023-12-04 17:06:41,134 WARN o.a.h.u.NativeCodeLoader [main] Unable to load native-hadoop library for your platform... using builtin-java classes where applicable
2023-12-04 17:06:41,293 WARN o.a.h.m.i.MetricsConfig [main] Cannot locate configuration: tried hadoop-metrics2-jobtracker.properties,hadoop-metrics2.properties
2023-12-04 17:06:41,612 INFO o.a.h.m.Job [main] The url to track the job: http://localhost:8080/
2023-12-04 17:06:41,613 INFO o.a.h.m.Job [main] Running job: job_local656636317_0001
2023-12-04 17:06:41,828 WARN o.a.h.m.i.MetricsSystemImpl [pool-5-thread-1] JobTracker metrics system already initialized!
2023-12-04 17:06:42,621 INFO o.a.h.m.Job [main] Job job_local656636317_0001 running in uber mode : false
2023-12-04 17:06:42,623 INFO o.a.h.m.Job [main]  map 100% reduce 100%
2023-12-04 17:06:42,625 INFO o.a.h.m.Job [main] Job job_local656636317_0001 completed successfully
2023-12-04 17:06:42,634 INFO o.a.h.m.Job [main] Counters: 30
	File System Counters
		FILE: Number of bytes read=6041379
		FILE: Number of bytes written=11007799
		FILE: Number of read operations=0
		FILE: Number of large read operations=0
		FILE: Number of write operations=0
	Map-Reduce Framework
		Map input records=2
		Map output records=2
		Map output bytes=241
		Map output materialized bytes=281
		Input split bytes=1001
		Combine input records=0
		Combine output records=0
		Reduce input groups=1
		Reduce shuffle bytes=281
		Reduce input records=2
		Reduce output records=1
		Spilled Records=4
		Shuffled Maps =6
		Failed Shuffles=0
		Merged Map outputs=6
		GC time elapsed (ms)=16
		Total committed heap usage (bytes)=2101346304
	Shuffle Errors
		BAD_ID=0
		CONNECTION=0
		IO_ERROR=0
		WRONG_LENGTH=0
		WRONG_MAP=0
		WRONG_REDUCE=0
	File Input Format Counters 
		Bytes Read=1037
	File Output Format Counters 
		Bytes Written=631
2023-12-04 17:06:42,651 INFO o.a.n.s.SegmentReader [main] SegmentReader: done
